<?xml version="1.0" encoding="UTF-8"?>
<!-- Generated by org.testng.reporters.JUnitXMLReporter -->
<testsuite ignored="0" hostname="tarunsahu" failures="4" tests="5" name="Test" time="51.555" errors="0" timestamp="2024-09-22T21:25:40 IST">
  <testcase classname="Test_Cases.TC004" name="verify_loginDDT" time="0.621"/>
  <testcase classname="Test_Cases.TC004" name="verify_loginDDT" time="11.769">
    <failure type="java.lang.AssertionError" message="null">
      <![CDATA[java.lang.AssertionError: null
at Test_Cases.TC004.verify_loginDDT(TC004.java:46)
at java.base/java.util.ArrayList.forEach(ArrayList.java:1541)
... Removed 33 stack frames]]>
    </failure>
  </testcase> <!-- verify_loginDDT -->
  <testcase classname="Test_Cases.TC004" name="verify_loginDDT" time="10.634">
    <failure type="java.lang.AssertionError" message="expected [true] but found [false]">
      <![CDATA[java.lang.AssertionError: expected [true] but found [false]
at Test_Cases.TC004.verify_loginDDT(TC004.java:61)
at java.base/java.util.ArrayList.forEach(ArrayList.java:1541)
... Removed 38 stack frames]]>
    </failure>
  </testcase> <!-- verify_loginDDT -->
  <testcase classname="Test_Cases.TC004" name="verify_loginDDT" time="10.844">
    <failure type="java.lang.AssertionError" message="expected [true] but found [false]">
      <![CDATA[java.lang.AssertionError: expected [true] but found [false]
at Test_Cases.TC004.verify_loginDDT(TC004.java:61)
at java.base/java.util.ArrayList.forEach(ArrayList.java:1541)
... Removed 38 stack frames]]>
    </failure>
  </testcase> <!-- verify_loginDDT -->
  <testcase classname="Test_Cases.TC004" name="verify_loginDDT" time="11.053">
    <failure type="java.lang.AssertionError" message="expected [true] but found [false]">
      <![CDATA[java.lang.AssertionError: expected [true] but found [false]
at Test_Cases.TC004.verify_loginDDT(TC004.java:61)
at java.base/java.util.ArrayList.forEach(ArrayList.java:1541)
... Removed 38 stack frames]]>
    </failure>
  </testcase> <!-- verify_loginDDT -->
</testsuite> <!-- Test -->
